Y -> A
O -> C
P -> A
D -> N
T -> G
L -> M
X -> V
C -> R
G -> E
H -> N
Q -> B
S -> R
M -> F
N -> Z
E -> I
A -> R
Z -> F
K -> V
I -> J
R -> W
B -> J
W -> V
V -> F
U -> F
F -> J
X -> C
T -> Q
B -> F
Y -> L
P -> E
A -> J
S -> I
S -> A
K -> R
D -> C
R -> U
K -> U
D -> K
S -> M
D -> E
A -> K
G -> I
O -> M
U -> J
T -> S
C -> M
S -> J
N -> V
P -> N
D -> M
A -> B
Z -> R
T -> N
K -> J
N -> A
M -> R
E -> A
Y -> O
O -> B
O -> A
I -> V
M -> Z
D -> U
O -> S
Z -> W
M -> A
N -> E
M -> U
R -> J
W -> F
I -> U
E -> U
Y -> R
Z -> K
C -> F
B -> V
G -> B
O -> G
E -> Z
A -> V
Y -> Q
P -> D
X -> G
I -> W
M -> V
T -> M
G -> J
T -> I
H -> B
C -> E
Q -> V
H -> U
X -> K
D -> T
X -> W
P -> Z
C -> U
Y -> Z
L -> F
C -> J
T -> W
A has dep of Y
A has dep of P
A has dep of S
A has dep of N
A has dep of E
A has dep of O
A has dep of M
B has dep of Q
B has dep of A
B has dep of O
B has dep of G
B has dep of H
C has dep of O
C has dep of X
C has dep of D
D has dep of P
E has dep of G
E has dep of P
E has dep of D
E has dep of N
E has dep of C
F has dep of M
F has dep of Z
F has dep of V
F has dep of U
F has dep of B
F has dep of W
F has dep of C
F has dep of L
G has dep of T
G has dep of O
G has dep of X
I has dep of E
I has dep of S
I has dep of G
I has dep of T
J has dep of I
J has dep of B
J has dep of F
J has dep of A
J has dep of U
J has dep of S
J has dep of K
J has dep of R
J has dep of G
J has dep of C
K has dep of D
K has dep of A
K has dep of Z
K has dep of X
L has dep of Y
M has dep of L
M has dep of S
M has dep of O
M has dep of C
M has dep of D
M has dep of T
N has dep of D
N has dep of H
N has dep of P
N has dep of T
O has dep of Y
Q has dep of T
Q has dep of Y
R has dep of C
R has dep of S
R has dep of A
R has dep of K
R has dep of Z
R has dep of M
R has dep of Y
S has dep of T
S has dep of O
T has dep of D
U has dep of R
U has dep of K
U has dep of D
U has dep of M
U has dep of I
U has dep of E
U has dep of H
U has dep of C
V has dep of X
V has dep of K
V has dep of W
V has dep of N
V has dep of I
V has dep of B
V has dep of A
V has dep of M
V has dep of Q
W has dep of R
W has dep of Z
W has dep of I
W has dep of X
W has dep of T
Z has dep of N
Z has dep of M
Z has dep of E
Z has dep of P
Z has dep of Y
Work: H
Work: P
Work: X
Work: Y
tick
Completed: H at time: 68
A has dep of Y
A has dep of P
A has dep of S
A has dep of N
A has dep of E
A has dep of O
A has dep of M
B has dep of Q
B has dep of A
B has dep of O
B has dep of G
C has dep of O
C has dep of X
C has dep of D
D has dep of P
E has dep of G
E has dep of P
E has dep of D
E has dep of N
E has dep of C
F has dep of M
F has dep of Z
F has dep of V
F has dep of U
F has dep of B
F has dep of W
F has dep of C
F has dep of L
G has dep of T
G has dep of O
G has dep of X
I has dep of E
I has dep of S
I has dep of G
I has dep of T
J has dep of I
J has dep of B
J has dep of F
J has dep of A
J has dep of U
J has dep of S
J has dep of K
J has dep of R
J has dep of G
J has dep of C
K has dep of D
K has dep of A
K has dep of Z
K has dep of X
L has dep of Y
M has dep of L
M has dep of S
M has dep of O
M has dep of C
M has dep of D
M has dep of T
N has dep of D
N has dep of P
N has dep of T
O has dep of Y
Q has dep of T
Q has dep of Y
R has dep of C
R has dep of S
R has dep of A
R has dep of K
R has dep of Z
R has dep of M
R has dep of Y
S has dep of T
S has dep of O
T has dep of D
U has dep of R
U has dep of K
U has dep of D
U has dep of M
U has dep of I
U has dep of E
U has dep of C
V has dep of X
V has dep of K
V has dep of W
V has dep of N
V has dep of I
V has dep of B
V has dep of A
V has dep of M
V has dep of Q
W has dep of R
W has dep of Z
W has dep of I
W has dep of X
W has dep of T
Z has dep of N
Z has dep of M
Z has dep of E
Z has dep of P
Z has dep of Y
Work: P
Work: X
tick
Completed: P at time: 76
A has dep of Y
A has dep of S
A has dep of N
A has dep of E
A has dep of O
A has dep of M
B has dep of Q
B has dep of A
B has dep of O
B has dep of G
C has dep of O
C has dep of X
C has dep of D
E has dep of G
E has dep of D
E has dep of N
E has dep of C
F has dep of M
F has dep of Z
F has dep of V
F has dep of U
F has dep of B
F has dep of W
F has dep of C
F has dep of L
G has dep of T
G has dep of O
G has dep of X
I has dep of E
I has dep of S
I has dep of G
I has dep of T
J has dep of I
J has dep of B
J has dep of F
J has dep of A
J has dep of U
J has dep of S
J has dep of K
J has dep of R
J has dep of G
J has dep of C
K has dep of D
K has dep of A
K has dep of Z
K has dep of X
L has dep of Y
M has dep of L
M has dep of S
M has dep of O
M has dep of C
M has dep of D
M has dep of T
N has dep of D
N has dep of T
O has dep of Y
Q has dep of T
Q has dep of Y
R has dep of C
R has dep of S
R has dep of A
R has dep of K
R has dep of Z
R has dep of M
R has dep of Y
S has dep of T
S has dep of O
T has dep of D
U has dep of R
U has dep of K
U has dep of D
U has dep of M
U has dep of I
U has dep of E
U has dep of C
V has dep of X
V has dep of K
V has dep of W
V has dep of N
V has dep of I
V has dep of B
V has dep of A
V has dep of M
V has dep of Q
W has dep of R
W has dep of Z
W has dep of I
W has dep of X
W has dep of T
Z has dep of N
Z has dep of M
Z has dep of E
Z has dep of Y
Work: D
tick
Completed: X at time: 84
A has dep of Y
A has dep of S
A has dep of N
A has dep of E
A has dep of O
A has dep of M
B has dep of Q
B has dep of A
B has dep of O
B has dep of G
C has dep of O
C has dep of D
E has dep of G
E has dep of D
E has dep of N
E has dep of C
F has dep of M
F has dep of Z
F has dep of V
F has dep of U
F has dep of B
F has dep of W
F has dep of C
F has dep of L
G has dep of T
G has dep of O
I has dep of E
I has dep of S
I has dep of G
I has dep of T
J has dep of I
J has dep of B
J has dep of F
J has dep of A
J has dep of U
J has dep of S
J has dep of K
J has dep of R
J has dep of G
J has dep of C
K has dep of D
K has dep of A
K has dep of Z
L has dep of Y
M has dep of L
M has dep of S
M has dep of O
M has dep of C
M has dep of D
M has dep of T
N has dep of D
N has dep of T
O has dep of Y
Q has dep of T
Q has dep of Y
R has dep of C
R has dep of S
R has dep of A
R has dep of K
R has dep of Z
R has dep of M
R has dep of Y
S has dep of T
S has dep of O
T has dep of D
U has dep of R
U has dep of K
U has dep of D
U has dep of M
U has dep of I
U has dep of E
U has dep of C
V has dep of K
V has dep of W
V has dep of N
V has dep of I
V has dep of B
V has dep of A
V has dep of M
V has dep of Q
W has dep of R
W has dep of Z
W has dep of I
W has dep of T
Z has dep of N
Z has dep of M
Z has dep of E
Z has dep of Y
Work: D
tick
Completed: Y at time: 85
A has dep of S
A has dep of N
A has dep of E
A has dep of O
A has dep of M
B has dep of Q
B has dep of A
B has dep of O
B has dep of G
C has dep of O
C has dep of D
E has dep of G
E has dep of D
E has dep of N
E has dep of C
F has dep of M
F has dep of Z
F has dep of V
F has dep of U
F has dep of B
F has dep of W
F has dep of C
F has dep of L
G has dep of T
G has dep of O
I has dep of E
I has dep of S
I has dep of G
I has dep of T
J has dep of I
J has dep of B
J has dep of F
J has dep of A
J has dep of U
J has dep of S
J has dep of K
J has dep of R
J has dep of G
J has dep of C
K has dep of D
K has dep of A
K has dep of Z
M has dep of L
M has dep of S
M has dep of O
M has dep of C
M has dep of D
M has dep of T
N has dep of D
N has dep of T
Q has dep of T
R has dep of C
R has dep of S
R has dep of A
R has dep of K
R has dep of Z
R has dep of M
S has dep of T
S has dep of O
T has dep of D
U has dep of R
U has dep of K
U has dep of D
U has dep of M
U has dep of I
U has dep of E
U has dep of C
V has dep of K
V has dep of W
V has dep of N
V has dep of I
V has dep of B
V has dep of A
V has dep of M
V has dep of Q
W has dep of R
W has dep of Z
W has dep of I
W has dep of T
Z has dep of N
Z has dep of M
Z has dep of E
Work: D
tick
Completed: D at time: 140
A has dep of S
A has dep of N
A has dep of E
A has dep of O
A has dep of M
B has dep of Q
B has dep of A
B has dep of O
B has dep of G
C has dep of O
E has dep of G
E has dep of N
E has dep of C
F has dep of M
F has dep of Z
F has dep of V
F has dep of U
F has dep of B
F has dep of W
F has dep of C
F has dep of L
G has dep of T
G has dep of O
I has dep of E
I has dep of S
I has dep of G
I has dep of T
J has dep of I
J has dep of B
J has dep of F
J has dep of A
J has dep of U
J has dep of S
J has dep of K
J has dep of R
J has dep of G
J has dep of C
K has dep of A
K has dep of Z
M has dep of L
M has dep of S
M has dep of O
M has dep of C
M has dep of T
N has dep of T
Q has dep of T
R has dep of C
R has dep of S
R has dep of A
R has dep of K
R has dep of Z
R has dep of M
S has dep of T
S has dep of O
U has dep of R
U has dep of K
U has dep of M
U has dep of I
U has dep of E
U has dep of C
V has dep of K
V has dep of W
V has dep of N
V has dep of I
V has dep of B
V has dep of A
V has dep of M
V has dep of Q
W has dep of R
W has dep of Z
W has dep of I
W has dep of T
Z has dep of N
Z has dep of M
Z has dep of E
Work: L
tick
Completed: P at time: 144
A has dep of S
A has dep of N
A has dep of E
A has dep of O
A has dep of M
B has dep of Q
B has dep of A
B has dep of O
B has dep of G
C has dep of O
E has dep of G
E has dep of N
E has dep of C
F has dep of M
F has dep of Z
F has dep of V
F has dep of U
F has dep of B
F has dep of W
F has dep of C
F has dep of L
G has dep of T
G has dep of O
I has dep of E
I has dep of S
I has dep of G
I has dep of T
J has dep of I
J has dep of B
J has dep of F
J has dep of A
J has dep of U
J has dep of S
J has dep of K
J has dep of R
J has dep of G
J has dep of C
K has dep of A
K has dep of Z
M has dep of L
M has dep of S
M has dep of O
M has dep of C
M has dep of T
N has dep of T
Q has dep of T
R has dep of C
R has dep of S
R has dep of A
R has dep of K
R has dep of Z
R has dep of M
S has dep of T
S has dep of O
U has dep of R
U has dep of K
U has dep of M
U has dep of I
U has dep of E
U has dep of C
V has dep of K
V has dep of W
V has dep of N
V has dep of I
V has dep of B
V has dep of A
V has dep of M
V has dep of Q
W has dep of R
W has dep of Z
W has dep of I
W has dep of T
Z has dep of N
Z has dep of M
Z has dep of E
Work: L
tick
Completed: D at time: 148
A has dep of S
A has dep of N
A has dep of E
A has dep of O
A has dep of M
B has dep of Q
B has dep of A
B has dep of O
B has dep of G
C has dep of O
E has dep of G
E has dep of N
E has dep of C
F has dep of M
F has dep of Z
F has dep of V
F has dep of U
F has dep of B
F has dep of W
F has dep of C
F has dep of L
G has dep of T
G has dep of O
I has dep of E
I has dep of S
I has dep of G
I has dep of T
J has dep of I
J has dep of B
J has dep of F
J has dep of A
J has dep of U
J has dep of S
J has dep of K
J has dep of R
J has dep of G
J has dep of C
K has dep of A
K has dep of Z
M has dep of L
M has dep of S
M has dep of O
M has dep of C
M has dep of T
N has dep of T
Q has dep of T
R has dep of C
R has dep of S
R has dep of A
R has dep of K
R has dep of Z
R has dep of M
S has dep of T
S has dep of O
U has dep of R
U has dep of K
U has dep of M
U has dep of I
U has dep of E
U has dep of C
V has dep of K
V has dep of W
V has dep of N
V has dep of I
V has dep of B
V has dep of A
V has dep of M
V has dep of Q
W has dep of R
W has dep of Z
W has dep of I
W has dep of T
Z has dep of N
Z has dep of M
Z has dep of E
Work: L
tick
Completed: D at time: 149
A has dep of S
A has dep of N
A has dep of E
A has dep of O
A has dep of M
B has dep of Q
B has dep of A
B has dep of O
B has dep of G
C has dep of O
E has dep of G
E has dep of N
E has dep of C
F has dep of M
F has dep of Z
F has dep of V
F has dep of U
F has dep of B
F has dep of W
F has dep of C
F has dep of L
G has dep of T
G has dep of O
I has dep of E
I has dep of S
I has dep of G
I has dep of T
J has dep of I
J has dep of B
J has dep of F
J has dep of A
J has dep of U
J has dep of S
J has dep of K
J has dep of R
J has dep of G
J has dep of C
K has dep of A
K has dep of Z
M has dep of L
M has dep of S
M has dep of O
M has dep of C
M has dep of T
N has dep of T
Q has dep of T
R has dep of C
R has dep of S
R has dep of A
R has dep of K
R has dep of Z
R has dep of M
S has dep of T
S has dep of O
U has dep of R
U has dep of K
U has dep of M
U has dep of I
U has dep of E
U has dep of C
V has dep of K
V has dep of W
V has dep of N
V has dep of I
V has dep of B
V has dep of A
V has dep of M
V has dep of Q
W has dep of R
W has dep of Z
W has dep of I
W has dep of T
Z has dep of N
Z has dep of M
Z has dep of E
Work: L
tick
Completed: X at time: 152
A has dep of S
A has dep of N
A has dep of E
A has dep of O
A has dep of M
B has dep of Q
B has dep of A
B has dep of O
B has dep of G
C has dep of O
E has dep of G
E has dep of N
E has dep of C
F has dep of M
F has dep of Z
F has dep of V
F has dep of U
F has dep of B
F has dep of W
F has dep of C
F has dep of L
G has dep of T
G has dep of O
I has dep of E
I has dep of S
I has dep of G
I has dep of T
J has dep of I
J has dep of B
J has dep of F
J has dep of A
J has dep of U
J has dep of S
J has dep of K
J has dep of R
J has dep of G
J has dep of C
K has dep of A
K has dep of Z
M has dep of L
M has dep of S
M has dep of O
M has dep of C
M has dep of T
N has dep of T
Q has dep of T
R has dep of C
R has dep of S
R has dep of A
R has dep of K
R has dep of Z
R has dep of M
S has dep of T
S has dep of O
U has dep of R
U has dep of K
U has dep of M
U has dep of I
U has dep of E
U has dep of C
V has dep of K
V has dep of W
V has dep of N
V has dep of I
V has dep of B
V has dep of A
V has dep of M
V has dep of Q
W has dep of R
W has dep of Z
W has dep of I
W has dep of T
Z has dep of N
Z has dep of M
Z has dep of E
Work: L
tick
Completed: L at time: 212
A has dep of S
A has dep of N
A has dep of E
A has dep of O
A has dep of M
B has dep of Q
B has dep of A
B has dep of O
B has dep of G
C has dep of O
E has dep of G
E has dep of N
E has dep of C
F has dep of M
F has dep of Z
F has dep of V
F has dep of U
F has dep of B
F has dep of W
F has dep of C
G has dep of T
G has dep of O
I has dep of E
I has dep of S
I has dep of G
I has dep of T
J has dep of I
J has dep of B
J has dep of F
J has dep of A
J has dep of U
J has dep of S
J has dep of K
J has dep of R
J has dep of G
J has dep of C
K has dep of A
K has dep of Z
M has dep of S
M has dep of O
M has dep of C
M has dep of T
N has dep of T
Q has dep of T
R has dep of C
R has dep of S
R has dep of A
R has dep of K
R has dep of Z
R has dep of M
S has dep of T
S has dep of O
U has dep of R
U has dep of K
U has dep of M
U has dep of I
U has dep of E
U has dep of C
V has dep of K
V has dep of W
V has dep of N
V has dep of I
V has dep of B
V has dep of A
V has dep of M
V has dep of Q
W has dep of R
W has dep of Z
W has dep of I
W has dep of T
Z has dep of N
Z has dep of M
Z has dep of E
Work: O
tick
Completed: L at time: 216
A has dep of S
A has dep of N
A has dep of E
A has dep of O
A has dep of M
B has dep of Q
B has dep of A
B has dep of O
B has dep of G
C has dep of O
E has dep of G
E has dep of N
E has dep of C
F has dep of M
F has dep of Z
F has dep of V
F has dep of U
F has dep of B
F has dep of W
F has dep of C
G has dep of T
G has dep of O
I has dep of E
I has dep of S
I has dep of G
I has dep of T
J has dep of I
J has dep of B
J has dep of F
J has dep of A
J has dep of U
J has dep of S
J has dep of K
J has dep of R
J has dep of G
J has dep of C
K has dep of A
K has dep of Z
M has dep of S
M has dep of O
M has dep of C
M has dep of T
N has dep of T
Q has dep of T
R has dep of C
R has dep of S
R has dep of A
R has dep of K
R has dep of Z
R has dep of M
S has dep of T
S has dep of O
U has dep of R
U has dep of K
U has dep of M
U has dep of I
U has dep of E
U has dep of C
V has dep of K
V has dep of W
V has dep of N
V has dep of I
V has dep of B
V has dep of A
V has dep of M
V has dep of Q
W has dep of R
W has dep of Z
W has dep of I
W has dep of T
Z has dep of N
Z has dep of M
Z has dep of E
Work: O
tick
Completed: L at time: 220
A has dep of S
A has dep of N
A has dep of E
A has dep of O
A has dep of M
B has dep of Q
B has dep of A
B has dep of O
B has dep of G
C has dep of O
E has dep of G
E has dep of N
E has dep of C
F has dep of M
F has dep of Z
F has dep of V
F has dep of U
F has dep of B
F has dep of W
F has dep of C
G has dep of T
G has dep of O
I has dep of E
I has dep of S
I has dep of G
I has dep of T
J has dep of I
J has dep of B
J has dep of F
J has dep of A
J has dep of U
J has dep of S
J has dep of K
J has dep of R
J has dep of G
J has dep of C
K has dep of A
K has dep of Z
M has dep of S
M has dep of O
M has dep of C
M has dep of T
N has dep of T
Q has dep of T
R has dep of C
R has dep of S
R has dep of A
R has dep of K
R has dep of Z
R has dep of M
S has dep of T
S has dep of O
U has dep of R
U has dep of K
U has dep of M
U has dep of I
U has dep of E
U has dep of C
V has dep of K
V has dep of W
V has dep of N
V has dep of I
V has dep of B
V has dep of A
V has dep of M
V has dep of Q
W has dep of R
W has dep of Z
W has dep of I
W has dep of T
Z has dep of N
Z has dep of M
Z has dep of E
Work: O
tick
Completed: L at time: 221
A has dep of S
A has dep of N
A has dep of E
A has dep of O
A has dep of M
B has dep of Q
B has dep of A
B has dep of O
B has dep of G
C has dep of O
E has dep of G
E has dep of N
E has dep of C
F has dep of M
F has dep of Z
F has dep of V
F has dep of U
F has dep of B
F has dep of W
F has dep of C
G has dep of T
G has dep of O
I has dep of E
I has dep of S
I has dep of G
I has dep of T
J has dep of I
J has dep of B
J has dep of F
J has dep of A
J has dep of U
J has dep of S
J has dep of K
J has dep of R
J has dep of G
J has dep of C
K has dep of A
K has dep of Z
M has dep of S
M has dep of O
M has dep of C
M has dep of T
N has dep of T
Q has dep of T
R has dep of C
R has dep of S
R has dep of A
R has dep of K
R has dep of Z
R has dep of M
S has dep of T
S has dep of O
U has dep of R
U has dep of K
U has dep of M
U has dep of I
U has dep of E
U has dep of C
V has dep of K
V has dep of W
V has dep of N
V has dep of I
V has dep of B
V has dep of A
V has dep of M
V has dep of Q
W has dep of R
W has dep of Z
W has dep of I
W has dep of T
Z has dep of N
Z has dep of M
Z has dep of E
Work: O
tick
Completed: L at time: 224
A has dep of S
A has dep of N
A has dep of E
A has dep of O
A has dep of M
B has dep of Q
B has dep of A
B has dep of O
B has dep of G
C has dep of O
E has dep of G
E has dep of N
E has dep of C
F has dep of M
F has dep of Z
F has dep of V
F has dep of U
F has dep of B
F has dep of W
F has dep of C
G has dep of T
G has dep of O
I has dep of E
I has dep of S
I has dep of G
I has dep of T
J has dep of I
J has dep of B
J has dep of F
J has dep of A
J has dep of U
J has dep of S
J has dep of K
J has dep of R
J has dep of G
J has dep of C
K has dep of A
K has dep of Z
M has dep of S
M has dep of O
M has dep of C
M has dep of T
N has dep of T
Q has dep of T
R has dep of C
R has dep of S
R has dep of A
R has dep of K
R has dep of Z
R has dep of M
S has dep of T
S has dep of O
U has dep of R
U has dep of K
U has dep of M
U has dep of I
U has dep of E
U has dep of C
V has dep of K
V has dep of W
V has dep of N
V has dep of I
V has dep of B
V has dep of A
V has dep of M
V has dep of Q
W has dep of R
W has dep of Z
W has dep of I
W has dep of T
Z has dep of N
Z has dep of M
Z has dep of E
Work: O
tick
Completed: O at time: 287
A has dep of S
A has dep of N
A has dep of E
A has dep of M
B has dep of Q
B has dep of A
B has dep of G
E has dep of G
E has dep of N
E has dep of C
F has dep of M
F has dep of Z
F has dep of V
F has dep of U
F has dep of B
F has dep of W
F has dep of C
G has dep of T
I has dep of E
I has dep of S
I has dep of G
I has dep of T
J has dep of I
J has dep of B
J has dep of F
J has dep of A
J has dep of U
J has dep of S
J has dep of K
J has dep of R
J has dep of G
J has dep of C
K has dep of A
K has dep of Z
M has dep of S
M has dep of C
M has dep of T
N has dep of T
Q has dep of T
R has dep of C
R has dep of S
R has dep of A
R has dep of K
R has dep of Z
R has dep of M
S has dep of T
U has dep of R
U has dep of K
U has dep of M
U has dep of I
U has dep of E
U has dep of C
V has dep of K
V has dep of W
V has dep of N
V has dep of I
V has dep of B
V has dep of A
V has dep of M
V has dep of Q
W has dep of R
W has dep of Z
W has dep of I
W has dep of T
Z has dep of N
Z has dep of M
Z has dep of E
Work: C
tick
Completed: O at time: 291
A has dep of S
A has dep of N
A has dep of E
A has dep of M
B has dep of Q
B has dep of A
B has dep of G
E has dep of G
E has dep of N
E has dep of C
F has dep of M
F has dep of Z
F has dep of V
F has dep of U
F has dep of B
F has dep of W
F has dep of C
G has dep of T
I has dep of E
I has dep of S
I has dep of G
I has dep of T
J has dep of I
J has dep of B
J has dep of F
J has dep of A
J has dep of U
J has dep of S
J has dep of K
J has dep of R
J has dep of G
J has dep of C
K has dep of A
K has dep of Z
M has dep of S
M has dep of C
M has dep of T
N has dep of T
Q has dep of T
R has dep of C
R has dep of S
R has dep of A
R has dep of K
R has dep of Z
R has dep of M
S has dep of T
U has dep of R
U has dep of K
U has dep of M
U has dep of I
U has dep of E
U has dep of C
V has dep of K
V has dep of W
V has dep of N
V has dep of I
V has dep of B
V has dep of A
V has dep of M
V has dep of Q
W has dep of R
W has dep of Z
W has dep of I
W has dep of T
Z has dep of N
Z has dep of M
Z has dep of E
Work: C
tick
Completed: O at time: 295
A has dep of S
A has dep of N
A has dep of E
A has dep of M
B has dep of Q
B has dep of A
B has dep of G
E has dep of G
E has dep of N
E has dep of C
F has dep of M
F has dep of Z
F has dep of V
F has dep of U
F has dep of B
F has dep of W
F has dep of C
G has dep of T
I has dep of E
I has dep of S
I has dep of G
I has dep of T
J has dep of I
J has dep of B
J has dep of F
J has dep of A
J has dep of U
J has dep of S
J has dep of K
J has dep of R
J has dep of G
J has dep of C
K has dep of A
K has dep of Z
M has dep of S
M has dep of C
M has dep of T
N has dep of T
Q has dep of T
R has dep of C
R has dep of S
R has dep of A
R has dep of K
R has dep of Z
R has dep of M
S has dep of T
U has dep of R
U has dep of K
U has dep of M
U has dep of I
U has dep of E
U has dep of C
V has dep of K
V has dep of W
V has dep of N
V has dep of I
V has dep of B
V has dep of A
V has dep of M
V has dep of Q
W has dep of R
W has dep of Z
W has dep of I
W has dep of T
Z has dep of N
Z has dep of M
Z has dep of E
Work: C
tick
Completed: O at time: 296
A has dep of S
A has dep of N
A has dep of E
A has dep of M
B has dep of Q
B has dep of A
B has dep of G
E has dep of G
E has dep of N
E has dep of C
F has dep of M
F has dep of Z
F has dep of V
F has dep of U
F has dep of B
F has dep of W
F has dep of C
G has dep of T
I has dep of E
I has dep of S
I has dep of G
I has dep of T
J has dep of I
J has dep of B
J has dep of F
J has dep of A
J has dep of U
J has dep of S
J has dep of K
J has dep of R
J has dep of G
J has dep of C
K has dep of A
K has dep of Z
M has dep of S
M has dep of C
M has dep of T
N has dep of T
Q has dep of T
R has dep of C
R has dep of S
R has dep of A
R has dep of K
R has dep of Z
R has dep of M
S has dep of T
U has dep of R
U has dep of K
U has dep of M
U has dep of I
U has dep of E
U has dep of C
V has dep of K
V has dep of W
V has dep of N
V has dep of I
V has dep of B
V has dep of A
V has dep of M
V has dep of Q
W has dep of R
W has dep of Z
W has dep of I
W has dep of T
Z has dep of N
Z has dep of M
Z has dep of E
Work: C
tick
Completed: O at time: 299
A has dep of S
A has dep of N
A has dep of E
A has dep of M
B has dep of Q
B has dep of A
B has dep of G
E has dep of G
E has dep of N
E has dep of C
F has dep of M
F has dep of Z
F has dep of V
F has dep of U
F has dep of B
F has dep of W
F has dep of C
G has dep of T
I has dep of E
I has dep of S
I has dep of G
I has dep of T
J has dep of I
J has dep of B
J has dep of F
J has dep of A
J has dep of U
J has dep of S
J has dep of K
J has dep of R
J has dep of G
J has dep of C
K has dep of A
K has dep of Z
M has dep of S
M has dep of C
M has dep of T
N has dep of T
Q has dep of T
R has dep of C
R has dep of S
R has dep of A
R has dep of K
R has dep of Z
R has dep of M
S has dep of T
U has dep of R
U has dep of K
U has dep of M
U has dep of I
U has dep of E
U has dep of C
V has dep of K
V has dep of W
V has dep of N
V has dep of I
V has dep of B
V has dep of A
V has dep of M
V has dep of Q
W has dep of R
W has dep of Z
W has dep of I
W has dep of T
Z has dep of N
Z has dep of M
Z has dep of E
Work: C
tick
Completed: C at time: 350
A has dep of S
A has dep of N
A has dep of E
A has dep of M
B has dep of Q
B has dep of A
B has dep of G
E has dep of G
E has dep of N
F has dep of M
F has dep of Z
F has dep of V
F has dep of U
F has dep of B
F has dep of W
G has dep of T
I has dep of E
I has dep of S
I has dep of G
I has dep of T
J has dep of I
J has dep of B
J has dep of F
J has dep of A
J has dep of U
J has dep of S
J has dep of K
J has dep of R
J has dep of G
K has dep of A
K has dep of Z
M has dep of S
M has dep of T
N has dep of T
Q has dep of T
R has dep of S
R has dep of A
R has dep of K
R has dep of Z
R has dep of M
S has dep of T
U has dep of R
U has dep of K
U has dep of M
U has dep of I
U has dep of E
V has dep of K
V has dep of W
V has dep of N
V has dep of I
V has dep of B
V has dep of A
V has dep of M
V has dep of Q
W has dep of R
W has dep of Z
W has dep of I
W has dep of T
Z has dep of N
Z has dep of M
Z has dep of E
Work: T
tick
Completed: C at time: 354
A has dep of S
A has dep of N
A has dep of E
A has dep of M
B has dep of Q
B has dep of A
B has dep of G
E has dep of G
E has dep of N
F has dep of M
F has dep of Z
F has dep of V
F has dep of U
F has dep of B
F has dep of W
G has dep of T
I has dep of E
I has dep of S
I has dep of G
I has dep of T
J has dep of I
J has dep of B
J has dep of F
J has dep of A
J has dep of U
J has dep of S
J has dep of K
J has dep of R
J has dep of G
K has dep of A
K has dep of Z
M has dep of S
M has dep of T
N has dep of T
Q has dep of T
R has dep of S
R has dep of A
R has dep of K
R has dep of Z
R has dep of M
S has dep of T
U has dep of R
U has dep of K
U has dep of M
U has dep of I
U has dep of E
V has dep of K
V has dep of W
V has dep of N
V has dep of I
V has dep of B
V has dep of A
V has dep of M
V has dep of Q
W has dep of R
W has dep of Z
W has dep of I
W has dep of T
Z has dep of N
Z has dep of M
Z has dep of E
Work: T
tick
Completed: C at time: 358
A has dep of S
A has dep of N
A has dep of E
A has dep of M
B has dep of Q
B has dep of A
B has dep of G
E has dep of G
E has dep of N
F has dep of M
F has dep of Z
F has dep of V
F has dep of U
F has dep of B
F has dep of W
G has dep of T
I has dep of E
I has dep of S
I has dep of G
I has dep of T
J has dep of I
J has dep of B
J has dep of F
J has dep of A
J has dep of U
J has dep of S
J has dep of K
J has dep of R
J has dep of G
K has dep of A
K has dep of Z
M has dep of S
M has dep of T
N has dep of T
Q has dep of T
R has dep of S
R has dep of A
R has dep of K
R has dep of Z
R has dep of M
S has dep of T
U has dep of R
U has dep of K
U has dep of M
U has dep of I
U has dep of E
V has dep of K
V has dep of W
V has dep of N
V has dep of I
V has dep of B
V has dep of A
V has dep of M
V has dep of Q
W has dep of R
W has dep of Z
W has dep of I
W has dep of T
Z has dep of N
Z has dep of M
Z has dep of E
Work: T
tick
Completed: C at time: 359
A has dep of S
A has dep of N
A has dep of E
A has dep of M
B has dep of Q
B has dep of A
B has dep of G
E has dep of G
E has dep of N
F has dep of M
F has dep of Z
F has dep of V
F has dep of U
F has dep of B
F has dep of W
G has dep of T
I has dep of E
I has dep of S
I has dep of G
I has dep of T
J has dep of I
J has dep of B
J has dep of F
J has dep of A
J has dep of U
J has dep of S
J has dep of K
J has dep of R
J has dep of G
K has dep of A
K has dep of Z
M has dep of S
M has dep of T
N has dep of T
Q has dep of T
R has dep of S
R has dep of A
R has dep of K
R has dep of Z
R has dep of M
S has dep of T
U has dep of R
U has dep of K
U has dep of M
U has dep of I
U has dep of E
V has dep of K
V has dep of W
V has dep of N
V has dep of I
V has dep of B
V has dep of A
V has dep of M
V has dep of Q
W has dep of R
W has dep of Z
W has dep of I
W has dep of T
Z has dep of N
Z has dep of M
Z has dep of E
Work: T
tick
Completed: C at time: 362
A has dep of S
A has dep of N
A has dep of E
A has dep of M
B has dep of Q
B has dep of A
B has dep of G
E has dep of G
E has dep of N
F has dep of M
F has dep of Z
F has dep of V
F has dep of U
F has dep of B
F has dep of W
G has dep of T
I has dep of E
I has dep of S
I has dep of G
I has dep of T
J has dep of I
J has dep of B
J has dep of F
J has dep of A
J has dep of U
J has dep of S
J has dep of K
J has dep of R
J has dep of G
K has dep of A
K has dep of Z
M has dep of S
M has dep of T
N has dep of T
Q has dep of T
R has dep of S
R has dep of A
R has dep of K
R has dep of Z
R has dep of M
S has dep of T
U has dep of R
U has dep of K
U has dep of M
U has dep of I
U has dep of E
V has dep of K
V has dep of W
V has dep of N
V has dep of I
V has dep of B
V has dep of A
V has dep of M
V has dep of Q
W has dep of R
W has dep of Z
W has dep of I
W has dep of T
Z has dep of N
Z has dep of M
Z has dep of E
Work: T
tick
Completed: T at time: 430
A has dep of S
A has dep of N
A has dep of E
A has dep of M
B has dep of Q
B has dep of A
B has dep of G
E has dep of G
E has dep of N
F has dep of M
F has dep of Z
F has dep of V
F has dep of U
F has dep of B
F has dep of W
I has dep of E
I has dep of S
I has dep of G
J has dep of I
J has dep of B
J has dep of F
J has dep of A
J has dep of U
J has dep of S
J has dep of K
J has dep of R
J has dep of G
K has dep of A
K has dep of Z
M has dep of S
R has dep of S
R has dep of A
R has dep of K
R has dep of Z
R has dep of M
U has dep of R
U has dep of K
U has dep of M
U has dep of I
U has dep of E
V has dep of K
V has dep of W
V has dep of N
V has dep of I
V has dep of B
V has dep of A
V has dep of M
V has dep of Q
W has dep of R
W has dep of Z
W has dep of I
Z has dep of N
Z has dep of M
Z has dep of E
Work: G
tick
Completed: T at time: 434
A has dep of S
A has dep of N
A has dep of E
A has dep of M
B has dep of Q
B has dep of A
B has dep of G
E has dep of G
E has dep of N
F has dep of M
F has dep of Z
F has dep of V
F has dep of U
F has dep of B
F has dep of W
I has dep of E
I has dep of S
I has dep of G
J has dep of I
J has dep of B
J has dep of F
J has dep of A
J has dep of U
J has dep of S
J has dep of K
J has dep of R
J has dep of G
K has dep of A
K has dep of Z
M has dep of S
R has dep of S
R has dep of A
R has dep of K
R has dep of Z
R has dep of M
U has dep of R
U has dep of K
U has dep of M
U has dep of I
U has dep of E
V has dep of K
V has dep of W
V has dep of N
V has dep of I
V has dep of B
V has dep of A
V has dep of M
V has dep of Q
W has dep of R
W has dep of Z
W has dep of I
Z has dep of N
Z has dep of M
Z has dep of E
Work: G
tick
Completed: T at time: 438
A has dep of S
A has dep of N
A has dep of E
A has dep of M
B has dep of Q
B has dep of A
B has dep of G
E has dep of G
E has dep of N
F has dep of M
F has dep of Z
F has dep of V
F has dep of U
F has dep of B
F has dep of W
I has dep of E
I has dep of S
I has dep of G
J has dep of I
J has dep of B
J has dep of F
J has dep of A
J has dep of U
J has dep of S
J has dep of K
J has dep of R
J has dep of G
K has dep of A
K has dep of Z
M has dep of S
R has dep of S
R has dep of A
R has dep of K
R has dep of Z
R has dep of M
U has dep of R
U has dep of K
U has dep of M
U has dep of I
U has dep of E
V has dep of K
V has dep of W
V has dep of N
V has dep of I
V has dep of B
V has dep of A
V has dep of M
V has dep of Q
W has dep of R
W has dep of Z
W has dep of I
Z has dep of N
Z has dep of M
Z has dep of E
Work: G
tick
Completed: T at time: 439
A has dep of S
A has dep of N
A has dep of E
A has dep of M
B has dep of Q
B has dep of A
B has dep of G
E has dep of G
E has dep of N
F has dep of M
F has dep of Z
F has dep of V
F has dep of U
F has dep of B
F has dep of W
I has dep of E
I has dep of S
I has dep of G
J has dep of I
J has dep of B
J has dep of F
J has dep of A
J has dep of U
J has dep of S
J has dep of K
J has dep of R
J has dep of G
K has dep of A
K has dep of Z
M has dep of S
R has dep of S
R has dep of A
R has dep of K
R has dep of Z
R has dep of M
U has dep of R
U has dep of K
U has dep of M
U has dep of I
U has dep of E
V has dep of K
V has dep of W
V has dep of N
V has dep of I
V has dep of B
V has dep of A
V has dep of M
V has dep of Q
W has dep of R
W has dep of Z
W has dep of I
Z has dep of N
Z has dep of M
Z has dep of E
Work: G
tick
Completed: T at time: 442
A has dep of S
A has dep of N
A has dep of E
A has dep of M
B has dep of Q
B has dep of A
B has dep of G
E has dep of G
E has dep of N
F has dep of M
F has dep of Z
F has dep of V
F has dep of U
F has dep of B
F has dep of W
I has dep of E
I has dep of S
I has dep of G
J has dep of I
J has dep of B
J has dep of F
J has dep of A
J has dep of U
J has dep of S
J has dep of K
J has dep of R
J has dep of G
K has dep of A
K has dep of Z
M has dep of S
R has dep of S
R has dep of A
R has dep of K
R has dep of Z
R has dep of M
U has dep of R
U has dep of K
U has dep of M
U has dep of I
U has dep of E
V has dep of K
V has dep of W
V has dep of N
V has dep of I
V has dep of B
V has dep of A
V has dep of M
V has dep of Q
W has dep of R
W has dep of Z
W has dep of I
Z has dep of N
Z has dep of M
Z has dep of E
Work: G
tick
Completed: G at time: 497
A has dep of S
A has dep of N
A has dep of E
A has dep of M
B has dep of Q
B has dep of A
E has dep of N
F has dep of M
F has dep of Z
F has dep of V
F has dep of U
F has dep of B
F has dep of W
I has dep of E
I has dep of S
J has dep of I
J has dep of B
J has dep of F
J has dep of A
J has dep of U
J has dep of S
J has dep of K
J has dep of R
K has dep of A
K has dep of Z
M has dep of S
R has dep of S
R has dep of A
R has dep of K
R has dep of Z
R has dep of M
U has dep of R
U has dep of K
U has dep of M
U has dep of I
U has dep of E
V has dep of K
V has dep of W
V has dep of N
V has dep of I
V has dep of B
V has dep of A
V has dep of M
V has dep of Q
W has dep of R
W has dep of Z
W has dep of I
Z has dep of N
Z has dep of M
Z has dep of E
Work: N
tick
Completed: G at time: 501
A has dep of S
A has dep of N
A has dep of E
A has dep of M
B has dep of Q
B has dep of A
E has dep of N
F has dep of M
F has dep of Z
F has dep of V
F has dep of U
F has dep of B
F has dep of W
I has dep of E
I has dep of S
J has dep of I
J has dep of B
J has dep of F
J has dep of A
J has dep of U
J has dep of S
J has dep of K
J has dep of R
K has dep of A
K has dep of Z
M has dep of S
R has dep of S
R has dep of A
R has dep of K
R has dep of Z
R has dep of M
U has dep of R
U has dep of K
U has dep of M
U has dep of I
U has dep of E
V has dep of K
V has dep of W
V has dep of N
V has dep of I
V has dep of B
V has dep of A
V has dep of M
V has dep of Q
W has dep of R
W has dep of Z
W has dep of I
Z has dep of N
Z has dep of M
Z has dep of E
Work: N
tick
Completed: G at time: 505
A has dep of S
A has dep of N
A has dep of E
A has dep of M
B has dep of Q
B has dep of A
E has dep of N
F has dep of M
F has dep of Z
F has dep of V
F has dep of U
F has dep of B
F has dep of W
I has dep of E
I has dep of S
J has dep of I
J has dep of B
J has dep of F
J has dep of A
J has dep of U
J has dep of S
J has dep of K
J has dep of R
K has dep of A
K has dep of Z
M has dep of S
R has dep of S
R has dep of A
R has dep of K
R has dep of Z
R has dep of M
U has dep of R
U has dep of K
U has dep of M
U has dep of I
U has dep of E
V has dep of K
V has dep of W
V has dep of N
V has dep of I
V has dep of B
V has dep of A
V has dep of M
V has dep of Q
W has dep of R
W has dep of Z
W has dep of I
Z has dep of N
Z has dep of M
Z has dep of E
Work: N
tick
Completed: G at time: 506
A has dep of S
A has dep of N
A has dep of E
A has dep of M
B has dep of Q
B has dep of A
E has dep of N
F has dep of M
F has dep of Z
F has dep of V
F has dep of U
F has dep of B
F has dep of W
I has dep of E
I has dep of S
J has dep of I
J has dep of B
J has dep of F
J has dep of A
J has dep of U
J has dep of S
J has dep of K
J has dep of R
K has dep of A
K has dep of Z
M has dep of S
R has dep of S
R has dep of A
R has dep of K
R has dep of Z
R has dep of M
U has dep of R
U has dep of K
U has dep of M
U has dep of I
U has dep of E
V has dep of K
V has dep of W
V has dep of N
V has dep of I
V has dep of B
V has dep of A
V has dep of M
V has dep of Q
W has dep of R
W has dep of Z
W has dep of I
Z has dep of N
Z has dep of M
Z has dep of E
Work: N
tick
Completed: G at time: 509
A has dep of S
A has dep of N
A has dep of E
A has dep of M
B has dep of Q
B has dep of A
E has dep of N
F has dep of M
F has dep of Z
F has dep of V
F has dep of U
F has dep of B
F has dep of W
I has dep of E
I has dep of S
J has dep of I
J has dep of B
J has dep of F
J has dep of A
J has dep of U
J has dep of S
J has dep of K
J has dep of R
K has dep of A
K has dep of Z
M has dep of S
R has dep of S
R has dep of A
R has dep of K
R has dep of Z
R has dep of M
U has dep of R
U has dep of K
U has dep of M
U has dep of I
U has dep of E
V has dep of K
V has dep of W
V has dep of N
V has dep of I
V has dep of B
V has dep of A
V has dep of M
V has dep of Q
W has dep of R
W has dep of Z
W has dep of I
Z has dep of N
Z has dep of M
Z has dep of E
Work: N
tick
Completed: N at time: 571
A has dep of S
A has dep of E
A has dep of M
B has dep of Q
B has dep of A
F has dep of M
F has dep of Z
F has dep of V
F has dep of U
F has dep of B
F has dep of W
I has dep of E
I has dep of S
J has dep of I
J has dep of B
J has dep of F
J has dep of A
J has dep of U
J has dep of S
J has dep of K
J has dep of R
K has dep of A
K has dep of Z
M has dep of S
R has dep of S
R has dep of A
R has dep of K
R has dep of Z
R has dep of M
U has dep of R
U has dep of K
U has dep of M
U has dep of I
U has dep of E
V has dep of K
V has dep of W
V has dep of I
V has dep of B
V has dep of A
V has dep of M
V has dep of Q
W has dep of R
W has dep of Z
W has dep of I
Z has dep of M
Z has dep of E
Work: E
tick
Completed: N at time: 575
A has dep of S
A has dep of E
A has dep of M
B has dep of Q
B has dep of A
F has dep of M
F has dep of Z
F has dep of V
F has dep of U
F has dep of B
F has dep of W
I has dep of E
I has dep of S
J has dep of I
J has dep of B
J has dep of F
J has dep of A
J has dep of U
J has dep of S
J has dep of K
J has dep of R
K has dep of A
K has dep of Z
M has dep of S
R has dep of S
R has dep of A
R has dep of K
R has dep of Z
R has dep of M
U has dep of R
U has dep of K
U has dep of M
U has dep of I
U has dep of E
V has dep of K
V has dep of W
V has dep of I
V has dep of B
V has dep of A
V has dep of M
V has dep of Q
W has dep of R
W has dep of Z
W has dep of I
Z has dep of M
Z has dep of E
Work: E
tick
Completed: N at time: 579
A has dep of S
A has dep of E
A has dep of M
B has dep of Q
B has dep of A
F has dep of M
F has dep of Z
F has dep of V
F has dep of U
F has dep of B
F has dep of W
I has dep of E
I has dep of S
J has dep of I
J has dep of B
J has dep of F
J has dep of A
J has dep of U
J has dep of S
J has dep of K
J has dep of R
K has dep of A
K has dep of Z
M has dep of S
R has dep of S
R has dep of A
R has dep of K
R has dep of Z
R has dep of M
U has dep of R
U has dep of K
U has dep of M
U has dep of I
U has dep of E
V has dep of K
V has dep of W
V has dep of I
V has dep of B
V has dep of A
V has dep of M
V has dep of Q
W has dep of R
W has dep of Z
W has dep of I
Z has dep of M
Z has dep of E
Work: E
tick
Completed: N at time: 580
A has dep of S
A has dep of E
A has dep of M
B has dep of Q
B has dep of A
F has dep of M
F has dep of Z
F has dep of V
F has dep of U
F has dep of B
F has dep of W
I has dep of E
I has dep of S
J has dep of I
J has dep of B
J has dep of F
J has dep of A
J has dep of U
J has dep of S
J has dep of K
J has dep of R
K has dep of A
K has dep of Z
M has dep of S
R has dep of S
R has dep of A
R has dep of K
R has dep of Z
R has dep of M
U has dep of R
U has dep of K
U has dep of M
U has dep of I
U has dep of E
V has dep of K
V has dep of W
V has dep of I
V has dep of B
V has dep of A
V has dep of M
V has dep of Q
W has dep of R
W has dep of Z
W has dep of I
Z has dep of M
Z has dep of E
Work: E
tick
Completed: N at time: 583
A has dep of S
A has dep of E
A has dep of M
B has dep of Q
B has dep of A
F has dep of M
F has dep of Z
F has dep of V
F has dep of U
F has dep of B
F has dep of W
I has dep of E
I has dep of S
J has dep of I
J has dep of B
J has dep of F
J has dep of A
J has dep of U
J has dep of S
J has dep of K
J has dep of R
K has dep of A
K has dep of Z
M has dep of S
R has dep of S
R has dep of A
R has dep of K
R has dep of Z
R has dep of M
U has dep of R
U has dep of K
U has dep of M
U has dep of I
U has dep of E
V has dep of K
V has dep of W
V has dep of I
V has dep of B
V has dep of A
V has dep of M
V has dep of Q
W has dep of R
W has dep of Z
W has dep of I
Z has dep of M
Z has dep of E
Work: E
tick
Completed: E at time: 636
A has dep of S
A has dep of M
B has dep of Q
B has dep of A
F has dep of M
F has dep of Z
F has dep of V
F has dep of U
F has dep of B
F has dep of W
I has dep of S
J has dep of I
J has dep of B
J has dep of F
J has dep of A
J has dep of U
J has dep of S
J has dep of K
J has dep of R
K has dep of A
K has dep of Z
M has dep of S
R has dep of S
R has dep of A
R has dep of K
R has dep of Z
R has dep of M
U has dep of R
U has dep of K
U has dep of M
U has dep of I
V has dep of K
V has dep of W
V has dep of I
V has dep of B
V has dep of A
V has dep of M
V has dep of Q
W has dep of R
W has dep of Z
W has dep of I
Z has dep of M
Work: Q
tick
Completed: E at time: 640
A has dep of S
A has dep of M
B has dep of Q
B has dep of A
F has dep of M
F has dep of Z
F has dep of V
F has dep of U
F has dep of B
F has dep of W
I has dep of S
J has dep of I
J has dep of B
J has dep of F
J has dep of A
J has dep of U
J has dep of S
J has dep of K
J has dep of R
K has dep of A
K has dep of Z
M has dep of S
R has dep of S
R has dep of A
R has dep of K
R has dep of Z
R has dep of M
U has dep of R
U has dep of K
U has dep of M
U has dep of I
V has dep of K
V has dep of W
V has dep of I
V has dep of B
V has dep of A
V has dep of M
V has dep of Q
W has dep of R
W has dep of Z
W has dep of I
Z has dep of M
Work: Q
tick
Completed: E at time: 644
A has dep of S
A has dep of M
B has dep of Q
B has dep of A
F has dep of M
F has dep of Z
F has dep of V
F has dep of U
F has dep of B
F has dep of W
I has dep of S
J has dep of I
J has dep of B
J has dep of F
J has dep of A
J has dep of U
J has dep of S
J has dep of K
J has dep of R
K has dep of A
K has dep of Z
M has dep of S
R has dep of S
R has dep of A
R has dep of K
R has dep of Z
R has dep of M
U has dep of R
U has dep of K
U has dep of M
U has dep of I
V has dep of K
V has dep of W
V has dep of I
V has dep of B
V has dep of A
V has dep of M
V has dep of Q
W has dep of R
W has dep of Z
W has dep of I
Z has dep of M
Work: Q
tick
Completed: E at time: 645
A has dep of S
A has dep of M
B has dep of Q
B has dep of A
F has dep of M
F has dep of Z
F has dep of V
F has dep of U
F has dep of B
F has dep of W
I has dep of S
J has dep of I
J has dep of B
J has dep of F
J has dep of A
J has dep of U
J has dep of S
J has dep of K
J has dep of R
K has dep of A
K has dep of Z
M has dep of S
R has dep of S
R has dep of A
R has dep of K
R has dep of Z
R has dep of M
U has dep of R
U has dep of K
U has dep of M
U has dep of I
V has dep of K
V has dep of W
V has dep of I
V has dep of B
V has dep of A
V has dep of M
V has dep of Q
W has dep of R
W has dep of Z
W has dep of I
Z has dep of M
Work: Q
tick
Completed: E at time: 648
A has dep of S
A has dep of M
B has dep of Q
B has dep of A
F has dep of M
F has dep of Z
F has dep of V
F has dep of U
F has dep of B
F has dep of W
I has dep of S
J has dep of I
J has dep of B
J has dep of F
J has dep of A
J has dep of U
J has dep of S
J has dep of K
J has dep of R
K has dep of A
K has dep of Z
M has dep of S
R has dep of S
R has dep of A
R has dep of K
R has dep of Z
R has dep of M
U has dep of R
U has dep of K
U has dep of M
U has dep of I
V has dep of K
V has dep of W
V has dep of I
V has dep of B
V has dep of A
V has dep of M
V has dep of Q
W has dep of R
W has dep of Z
W has dep of I
Z has dep of M
Work: Q
tick
Completed: Q at time: 713
A has dep of S
A has dep of M
B has dep of A
F has dep of M
F has dep of Z
F has dep of V
F has dep of U
F has dep of B
F has dep of W
I has dep of S
J has dep of I
J has dep of B
J has dep of F
J has dep of A
J has dep of U
J has dep of S
J has dep of K
J has dep of R
K has dep of A
K has dep of Z
M has dep of S
R has dep of S
R has dep of A
R has dep of K
R has dep of Z
R has dep of M
U has dep of R
U has dep of K
U has dep of M
U has dep of I
V has dep of K
V has dep of W
V has dep of I
V has dep of B
V has dep of A
V has dep of M
W has dep of R
W has dep of Z
W has dep of I
Z has dep of M
Work: S
tick
Completed: Q at time: 717
A has dep of S
A has dep of M
B has dep of A
F has dep of M
F has dep of Z
F has dep of V
F has dep of U
F has dep of B
F has dep of W
I has dep of S
J has dep of I
J has dep of B
J has dep of F
J has dep of A
J has dep of U
J has dep of S
J has dep of K
J has dep of R
K has dep of A
K has dep of Z
M has dep of S
R has dep of S
R has dep of A
R has dep of K
R has dep of Z
R has dep of M
U has dep of R
U has dep of K
U has dep of M
U has dep of I
V has dep of K
V has dep of W
V has dep of I
V has dep of B
V has dep of A
V has dep of M
W has dep of R
W has dep of Z
W has dep of I
Z has dep of M
Work: S
tick
Completed: Q at time: 721
A has dep of S
A has dep of M
B has dep of A
F has dep of M
F has dep of Z
F has dep of V
F has dep of U
F has dep of B
F has dep of W
I has dep of S
J has dep of I
J has dep of B
J has dep of F
J has dep of A
J has dep of U
J has dep of S
J has dep of K
J has dep of R
K has dep of A
K has dep of Z
M has dep of S
R has dep of S
R has dep of A
R has dep of K
R has dep of Z
R has dep of M
U has dep of R
U has dep of K
U has dep of M
U has dep of I
V has dep of K
V has dep of W
V has dep of I
V has dep of B
V has dep of A
V has dep of M
W has dep of R
W has dep of Z
W has dep of I
Z has dep of M
Work: S
tick
Completed: Q at time: 722
A has dep of S
A has dep of M
B has dep of A
F has dep of M
F has dep of Z
F has dep of V
F has dep of U
F has dep of B
F has dep of W
I has dep of S
J has dep of I
J has dep of B
J has dep of F
J has dep of A
J has dep of U
J has dep of S
J has dep of K
J has dep of R
K has dep of A
K has dep of Z
M has dep of S
R has dep of S
R has dep of A
R has dep of K
R has dep of Z
R has dep of M
U has dep of R
U has dep of K
U has dep of M
U has dep of I
V has dep of K
V has dep of W
V has dep of I
V has dep of B
V has dep of A
V has dep of M
W has dep of R
W has dep of Z
W has dep of I
Z has dep of M
Work: S
tick
Completed: Q at time: 725
A has dep of S
A has dep of M
B has dep of A
F has dep of M
F has dep of Z
F has dep of V
F has dep of U
F has dep of B
F has dep of W
I has dep of S
J has dep of I
J has dep of B
J has dep of F
J has dep of A
J has dep of U
J has dep of S
J has dep of K
J has dep of R
K has dep of A
K has dep of Z
M has dep of S
R has dep of S
R has dep of A
R has dep of K
R has dep of Z
R has dep of M
U has dep of R
U has dep of K
U has dep of M
U has dep of I
V has dep of K
V has dep of W
V has dep of I
V has dep of B
V has dep of A
V has dep of M
W has dep of R
W has dep of Z
W has dep of I
Z has dep of M
Work: S
tick
Completed: S at time: 792
A has dep of M
B has dep of A
F has dep of M
F has dep of Z
F has dep of V
F has dep of U
F has dep of B
F has dep of W
J has dep of I
J has dep of B
J has dep of F
J has dep of A
J has dep of U
J has dep of K
J has dep of R
K has dep of A
K has dep of Z
R has dep of A
R has dep of K
R has dep of Z
R has dep of M
U has dep of R
U has dep of K
U has dep of M
U has dep of I
V has dep of K
V has dep of W
V has dep of I
V has dep of B
V has dep of A
V has dep of M
W has dep of R
W has dep of Z
W has dep of I
Z has dep of M
Work: I
tick
Completed: S at time: 796
A has dep of M
B has dep of A
F has dep of M
F has dep of Z
F has dep of V
F has dep of U
F has dep of B
F has dep of W
J has dep of I
J has dep of B
J has dep of F
J has dep of A
J has dep of U
J has dep of K
J has dep of R
K has dep of A
K has dep of Z
R has dep of A
R has dep of K
R has dep of Z
R has dep of M
U has dep of R
U has dep of K
U has dep of M
U has dep of I
V has dep of K
V has dep of W
V has dep of I
V has dep of B
V has dep of A
V has dep of M
W has dep of R
W has dep of Z
W has dep of I
Z has dep of M
Work: I
tick
Completed: S at time: 800
A has dep of M
B has dep of A
F has dep of M
F has dep of Z
F has dep of V
F has dep of U
F has dep of B
F has dep of W
J has dep of I
J has dep of B
J has dep of F
J has dep of A
J has dep of U
J has dep of K
J has dep of R
K has dep of A
K has dep of Z
R has dep of A
R has dep of K
R has dep of Z
R has dep of M
U has dep of R
U has dep of K
U has dep of M
U has dep of I
V has dep of K
V has dep of W
V has dep of I
V has dep of B
V has dep of A
V has dep of M
W has dep of R
W has dep of Z
W has dep of I
Z has dep of M
Work: I
tick
Completed: S at time: 801
A has dep of M
B has dep of A
F has dep of M
F has dep of Z
F has dep of V
F has dep of U
F has dep of B
F has dep of W
J has dep of I
J has dep of B
J has dep of F
J has dep of A
J has dep of U
J has dep of K
J has dep of R
K has dep of A
K has dep of Z
R has dep of A
R has dep of K
R has dep of Z
R has dep of M
U has dep of R
U has dep of K
U has dep of M
U has dep of I
V has dep of K
V has dep of W
V has dep of I
V has dep of B
V has dep of A
V has dep of M
W has dep of R
W has dep of Z
W has dep of I
Z has dep of M
Work: I
tick
Completed: S at time: 804
A has dep of M
B has dep of A
F has dep of M
F has dep of Z
F has dep of V
F has dep of U
F has dep of B
F has dep of W
J has dep of I
J has dep of B
J has dep of F
J has dep of A
J has dep of U
J has dep of K
J has dep of R
K has dep of A
K has dep of Z
R has dep of A
R has dep of K
R has dep of Z
R has dep of M
U has dep of R
U has dep of K
U has dep of M
U has dep of I
V has dep of K
V has dep of W
V has dep of I
V has dep of B
V has dep of A
V has dep of M
W has dep of R
W has dep of Z
W has dep of I
Z has dep of M
Work: I
tick
Completed: I at time: 861
A has dep of M
B has dep of A
F has dep of M
F has dep of Z
F has dep of V
F has dep of U
F has dep of B
F has dep of W
J has dep of B
J has dep of F
J has dep of A
J has dep of U
J has dep of K
J has dep of R
K has dep of A
K has dep of Z
R has dep of A
R has dep of K
R has dep of Z
R has dep of M
U has dep of R
U has dep of K
U has dep of M
V has dep of K
V has dep of W
V has dep of B
V has dep of A
V has dep of M
W has dep of R
W has dep of Z
Z has dep of M
Work: M
tick
Completed: I at time: 865
A has dep of M
B has dep of A
F has dep of M
F has dep of Z
F has dep of V
F has dep of U
F has dep of B
F has dep of W
J has dep of B
J has dep of F
J has dep of A
J has dep of U
J has dep of K
J has dep of R
K has dep of A
K has dep of Z
R has dep of A
R has dep of K
R has dep of Z
R has dep of M
U has dep of R
U has dep of K
U has dep of M
V has dep of K
V has dep of W
V has dep of B
V has dep of A
V has dep of M
W has dep of R
W has dep of Z
Z has dep of M
Work: M
tick
Completed: I at time: 869
A has dep of M
B has dep of A
F has dep of M
F has dep of Z
F has dep of V
F has dep of U
F has dep of B
F has dep of W
J has dep of B
J has dep of F
J has dep of A
J has dep of U
J has dep of K
J has dep of R
K has dep of A
K has dep of Z
R has dep of A
R has dep of K
R has dep of Z
R has dep of M
U has dep of R
U has dep of K
U has dep of M
V has dep of K
V has dep of W
V has dep of B
V has dep of A
V has dep of M
W has dep of R
W has dep of Z
Z has dep of M
Work: M
tick
Completed: I at time: 870
A has dep of M
B has dep of A
F has dep of M
F has dep of Z
F has dep of V
F has dep of U
F has dep of B
F has dep of W
J has dep of B
J has dep of F
J has dep of A
J has dep of U
J has dep of K
J has dep of R
K has dep of A
K has dep of Z
R has dep of A
R has dep of K
R has dep of Z
R has dep of M
U has dep of R
U has dep of K
U has dep of M
V has dep of K
V has dep of W
V has dep of B
V has dep of A
V has dep of M
W has dep of R
W has dep of Z
Z has dep of M
Work: M
tick
Completed: I at time: 873
A has dep of M
B has dep of A
F has dep of M
F has dep of Z
F has dep of V
F has dep of U
F has dep of B
F has dep of W
J has dep of B
J has dep of F
J has dep of A
J has dep of U
J has dep of K
J has dep of R
K has dep of A
K has dep of Z
R has dep of A
R has dep of K
R has dep of Z
R has dep of M
U has dep of R
U has dep of K
U has dep of M
V has dep of K
V has dep of W
V has dep of B
V has dep of A
V has dep of M
W has dep of R
W has dep of Z
Z has dep of M
Work: M
tick
Completed: M at time: 934
B has dep of A
F has dep of Z
F has dep of V
F has dep of U
F has dep of B
F has dep of W
J has dep of B
J has dep of F
J has dep of A
J has dep of U
J has dep of K
J has dep of R
K has dep of A
K has dep of Z
R has dep of A
R has dep of K
R has dep of Z
U has dep of R
U has dep of K
V has dep of K
V has dep of W
V has dep of B
V has dep of A
W has dep of R
W has dep of Z
Work: A
tick
Completed: M at time: 938
B has dep of A
F has dep of Z
F has dep of V
F has dep of U
F has dep of B
F has dep of W
J has dep of B
J has dep of F
J has dep of A
J has dep of U
J has dep of K
J has dep of R
K has dep of A
K has dep of Z
R has dep of A
R has dep of K
R has dep of Z
U has dep of R
U has dep of K
V has dep of K
V has dep of W
V has dep of B
V has dep of A
W has dep of R
W has dep of Z
Work: A
tick
Completed: M at time: 942
B has dep of A
F has dep of Z
F has dep of V
F has dep of U
F has dep of B
F has dep of W
J has dep of B
J has dep of F
J has dep of A
J has dep of U
J has dep of K
J has dep of R
K has dep of A
K has dep of Z
R has dep of A
R has dep of K
R has dep of Z
U has dep of R
U has dep of K
V has dep of K
V has dep of W
V has dep of B
V has dep of A
W has dep of R
W has dep of Z
Work: A
tick
Completed: M at time: 943
B has dep of A
F has dep of Z
F has dep of V
F has dep of U
F has dep of B
F has dep of W
J has dep of B
J has dep of F
J has dep of A
J has dep of U
J has dep of K
J has dep of R
K has dep of A
K has dep of Z
R has dep of A
R has dep of K
R has dep of Z
U has dep of R
U has dep of K
V has dep of K
V has dep of W
V has dep of B
V has dep of A
W has dep of R
W has dep of Z
Work: A
tick
Completed: M at time: 946
B has dep of A
F has dep of Z
F has dep of V
F has dep of U
F has dep of B
F has dep of W
J has dep of B
J has dep of F
J has dep of A
J has dep of U
J has dep of K
J has dep of R
K has dep of A
K has dep of Z
R has dep of A
R has dep of K
R has dep of Z
U has dep of R
U has dep of K
V has dep of K
V has dep of W
V has dep of B
V has dep of A
W has dep of R
W has dep of Z
Work: A
tick
Completed: A at time: 995
F has dep of Z
F has dep of V
F has dep of U
F has dep of B
F has dep of W
J has dep of B
J has dep of F
J has dep of U
J has dep of K
J has dep of R
K has dep of Z
R has dep of K
R has dep of Z
U has dep of R
U has dep of K
V has dep of K
V has dep of W
V has dep of B
W has dep of R
W has dep of Z
Work: B
tick
Completed: A at time: 999
F has dep of Z
F has dep of V
F has dep of U
F has dep of B
F has dep of W
J has dep of B
J has dep of F
J has dep of U
J has dep of K
J has dep of R
K has dep of Z
R has dep of K
R has dep of Z
U has dep of R
U has dep of K
V has dep of K
V has dep of W
V has dep of B
W has dep of R
W has dep of Z
Work: B
tick
Completed: A at time: 1003
F has dep of Z
F has dep of V
F has dep of U
F has dep of B
F has dep of W
J has dep of B
J has dep of F
J has dep of U
J has dep of K
J has dep of R
K has dep of Z
R has dep of K
R has dep of Z
U has dep of R
U has dep of K
V has dep of K
V has dep of W
V has dep of B
W has dep of R
W has dep of Z
Work: B
tick
Completed: A at time: 1004
F has dep of Z
F has dep of V
F has dep of U
F has dep of B
F has dep of W
J has dep of B
J has dep of F
J has dep of U
J has dep of K
J has dep of R
K has dep of Z
R has dep of K
R has dep of Z
U has dep of R
U has dep of K
V has dep of K
V has dep of W
V has dep of B
W has dep of R
W has dep of Z
Work: B
tick
Completed: A at time: 1007
F has dep of Z
F has dep of V
F has dep of U
F has dep of B
F has dep of W
J has dep of B
J has dep of F
J has dep of U
J has dep of K
J has dep of R
K has dep of Z
R has dep of K
R has dep of Z
U has dep of R
U has dep of K
V has dep of K
V has dep of W
V has dep of B
W has dep of R
W has dep of Z
Work: B
tick
Completed: B at time: 1057
F has dep of Z
F has dep of V
F has dep of U
F has dep of W
J has dep of F
J has dep of U
J has dep of K
J has dep of R
K has dep of Z
R has dep of K
R has dep of Z
U has dep of R
U has dep of K
V has dep of K
V has dep of W
W has dep of R
W has dep of Z
Work: Z
tick
Completed: B at time: 1061
F has dep of Z
F has dep of V
F has dep of U
F has dep of W
J has dep of F
J has dep of U
J has dep of K
J has dep of R
K has dep of Z
R has dep of K
R has dep of Z
U has dep of R
U has dep of K
V has dep of K
V has dep of W
W has dep of R
W has dep of Z
Work: Z
tick
Completed: B at time: 1065
F has dep of Z
F has dep of V
F has dep of U
F has dep of W
J has dep of F
J has dep of U
J has dep of K
J has dep of R
K has dep of Z
R has dep of K
R has dep of Z
U has dep of R
U has dep of K
V has dep of K
V has dep of W
W has dep of R
W has dep of Z
Work: Z
tick
Completed: B at time: 1066
F has dep of Z
F has dep of V
F has dep of U
F has dep of W
J has dep of F
J has dep of U
J has dep of K
J has dep of R
K has dep of Z
R has dep of K
R has dep of Z
U has dep of R
U has dep of K
V has dep of K
V has dep of W
W has dep of R
W has dep of Z
Work: Z
tick
Completed: B at time: 1069
F has dep of Z
F has dep of V
F has dep of U
F has dep of W
J has dep of F
J has dep of U
J has dep of K
J has dep of R
K has dep of Z
R has dep of K
R has dep of Z
U has dep of R
U has dep of K
V has dep of K
V has dep of W
W has dep of R
W has dep of Z
Work: Z
tick
Completed: Z at time: 1143
F has dep of V
F has dep of U
F has dep of W
J has dep of F
J has dep of U
J has dep of K
J has dep of R
R has dep of K
U has dep of R
U has dep of K
V has dep of K
V has dep of W
W has dep of R
Work: K
tick
Completed: Z at time: 1147
F has dep of V
F has dep of U
F has dep of W
J has dep of F
J has dep of U
J has dep of K
J has dep of R
R has dep of K
U has dep of R
U has dep of K
V has dep of K
V has dep of W
W has dep of R
Work: K
tick
Completed: Z at time: 1151
F has dep of V
F has dep of U
F has dep of W
J has dep of F
J has dep of U
J has dep of K
J has dep of R
R has dep of K
U has dep of R
U has dep of K
V has dep of K
V has dep of W
W has dep of R
Work: K
tick
Completed: Z at time: 1152
F has dep of V
F has dep of U
F has dep of W
J has dep of F
J has dep of U
J has dep of K
J has dep of R
R has dep of K
U has dep of R
U has dep of K
V has dep of K
V has dep of W
W has dep of R
Work: K
tick
Completed: Z at time: 1155
F has dep of V
F has dep of U
F has dep of W
J has dep of F
J has dep of U
J has dep of K
J has dep of R
R has dep of K
U has dep of R
U has dep of K
V has dep of K
V has dep of W
W has dep of R
Work: K
tick
Completed: K at time: 1214
F has dep of V
F has dep of U
F has dep of W
J has dep of F
J has dep of U
J has dep of R
U has dep of R
V has dep of W
W has dep of R
Work: R
tick
Completed: K at time: 1218
F has dep of V
F has dep of U
F has dep of W
J has dep of F
J has dep of U
J has dep of R
U has dep of R
V has dep of W
W has dep of R
Work: R
tick
Completed: K at time: 1222
F has dep of V
F has dep of U
F has dep of W
J has dep of F
J has dep of U
J has dep of R
U has dep of R
V has dep of W
W has dep of R
Work: R
tick
Completed: K at time: 1223
F has dep of V
F has dep of U
F has dep of W
J has dep of F
J has dep of U
J has dep of R
U has dep of R
V has dep of W
W has dep of R
Work: R
tick
Completed: K at time: 1226
F has dep of V
F has dep of U
F has dep of W
J has dep of F
J has dep of U
J has dep of R
U has dep of R
V has dep of W
W has dep of R
Work: R
tick
Completed: R at time: 1292
F has dep of V
F has dep of U
F has dep of W
J has dep of F
J has dep of U
V has dep of W
Work: U
tick
Completed: R at time: 1296
F has dep of V
F has dep of U
F has dep of W
J has dep of F
J has dep of U
V has dep of W
Work: U
tick
Completed: R at time: 1300
F has dep of V
F has dep of U
F has dep of W
J has dep of F
J has dep of U
V has dep of W
Work: U
tick
Completed: R at time: 1301
F has dep of V
F has dep of U
F has dep of W
J has dep of F
J has dep of U
V has dep of W
Work: U
tick
Completed: R at time: 1304
F has dep of V
F has dep of U
F has dep of W
J has dep of F
J has dep of U
V has dep of W
Work: U
tick
Completed: U at time: 1373
F has dep of V
F has dep of W
J has dep of F
V has dep of W
Work: W
tick
Completed: U at time: 1377
F has dep of V
F has dep of W
J has dep of F
V has dep of W
Work: W
tick
Completed: U at time: 1381
F has dep of V
F has dep of W
J has dep of F
V has dep of W
Work: W
tick
Completed: U at time: 1382
F has dep of V
F has dep of W
J has dep of F
V has dep of W
Work: W
tick
Completed: U at time: 1385
F has dep of V
F has dep of W
J has dep of F
V has dep of W
Work: W
tick
Completed: W at time: 1456
F has dep of V
J has dep of F
Work: V
tick
Completed: W at time: 1460
F has dep of V
J has dep of F
Work: V
tick
Completed: W at time: 1464
F has dep of V
J has dep of F
Work: V
tick
Completed: W at time: 1465
F has dep of V
J has dep of F
Work: V
tick
Completed: W at time: 1468
F has dep of V
J has dep of F
Work: V
tick
Completed: V at time: 1538
J has dep of F
Work: F
tick
Completed: V at time: 1542
J has dep of F
Work: F
tick
Completed: V at time: 1546
J has dep of F
Work: F
tick
Completed: V at time: 1547
J has dep of F
Work: F
tick
Completed: V at time: 1550
J has dep of F
Work: F
tick
Completed: F at time: 1604
Work: J
tick
Completed: F at time: 1608
Work: J
tick
Completed: F at time: 1612
Work: J
tick
Completed: F at time: 1613
Work: J
tick
Completed: F at time: 1616
Work: J
tick
Completed: J at time: 1674
Part 2: Finished at time: 1674
